{"/workspace/frontend/src/features/calculator/api/calculatorApi.ts": {"path":"/workspace/frontend/src/features/calculator/api/calculatorApi.ts","statementMap":{"0":{"start":{"line":12,"column":4},"end":{"line":12,"column":null}},"1":{"start":{"line":13,"column":4},"end":{"line":13,"column":null}},"2":{"start":{"line":14,"column":4},"end":{"line":14,"column":null}},"3":{"start":{"line":15,"column":4},"end":{"line":15,"column":null}},"4":{"start":{"line":19,"column":26},"end":{"line":19,"column":null}},"5":{"start":{"line":25,"column":45},"end":{"line":25,"column":null}},"6":{"start":{"line":29,"column":2},"end":{"line":48,"column":null}},"7":{"start":{"line":30,"column":4},"end":{"line":37,"column":null}},"8":{"start":{"line":39,"column":4},"end":{"line":41,"column":null}},"9":{"start":{"line":40,"column":6},"end":{"line":40,"column":null}},"10":{"start":{"line":43,"column":4},"end":{"line":47,"column":null}},"11":{"start":{"line":50,"column":2},"end":{"line":64,"column":null}},"12":{"start":{"line":51,"column":49},"end":{"line":51,"column":null}},"13":{"start":{"line":53,"column":4},"end":{"line":57,"column":null}},"14":{"start":{"line":54,"column":6},"end":{"line":54,"column":null}},"15":{"start":{"line":59,"column":4},"end":{"line":63,"column":null}},"16":{"start":{"line":66,"column":16},"end":{"line":66,"column":null}},"17":{"start":{"line":68,"column":2},"end":{"line":74,"column":null}},"18":{"start":{"line":69,"column":4},"end":{"line":73,"column":null}},"19":{"start":{"line":76,"column":2},"end":{"line":76,"column":null}}},"fnMap":{"0":{"name":"constructor","decl":{"start":{"line":11,"column":2},"end":{"line":11,"column":14}},"loc":{"start":{"line":11,"column":61},"end":{"line":16,"column":null}},"line":11},"1":{"name":"evaluateExpression","decl":{"start":{"line":21,"column":22},"end":{"line":21,"column":null}},"loc":{"start":{"line":24,"column":19},"end":{"line":77,"column":null}},"line":24}},"branchMap":{"0":{"loc":{"start":{"line":39,"column":4},"end":{"line":41,"column":null}},"type":"if","locations":[{"start":{"line":39,"column":4},"end":{"line":41,"column":null}},{"start":{},"end":{}}],"line":39},"1":{"loc":{"start":{"line":39,"column":8},"end":{"line":39,"column":70}},"type":"binary-expr","locations":[{"start":{"line":39,"column":8},"end":{"line":39,"column":41}},{"start":{"line":39,"column":41},"end":{"line":39,"column":70}}],"line":39},"2":{"loc":{"start":{"line":50,"column":2},"end":{"line":64,"column":null}},"type":"if","locations":[{"start":{"line":50,"column":2},"end":{"line":64,"column":null}},{"start":{},"end":{}}],"line":50},"3":{"loc":{"start":{"line":60,"column":6},"end":{"line":60,"column":null}},"type":"binary-expr","locations":[{"start":{"line":60,"column":6},"end":{"line":60,"column":38}},{"start":{"line":60,"column":38},"end":{"line":60,"column":null}}],"line":60},"4":{"loc":{"start":{"line":61,"column":6},"end":{"line":61,"column":null}},"type":"binary-expr","locations":[{"start":{"line":61,"column":6},"end":{"line":61,"column":35}},{"start":{"line":61,"column":35},"end":{"line":61,"column":null}}],"line":61},"5":{"loc":{"start":{"line":68,"column":2},"end":{"line":74,"column":null}},"type":"if","locations":[{"start":{"line":68,"column":2},"end":{"line":74,"column":null}},{"start":{},"end":{}}],"line":68},"6":{"loc":{"start":{"line":68,"column":6},"end":{"line":68,"column":72}},"type":"binary-expr","locations":[{"start":{"line":68,"column":6},"end":{"line":68,"column":41}},{"start":{"line":68,"column":41},"end":{"line":68,"column":72}}],"line":68}},"s":{"0":6,"1":6,"2":6,"3":6,"4":2,"5":11,"6":11,"7":11,"8":1,"9":0,"10":1,"11":10,"12":3,"13":3,"14":3,"15":3,"16":7,"17":7,"18":2,"19":5},"f":{"0":6,"1":11},"b":{"0":[0,1],"1":[1,0],"2":[3,7],"3":[3,1],"4":[3,1],"5":[2,5],"6":[7,6]},"meta":{"lastBranch":7,"lastFunction":2,"lastStatement":20,"seen":{"f:11:2:11:14":0,"s:12:4:12:Infinity":0,"s:13:4:13:Infinity":1,"s:14:4:14:Infinity":2,"s:15:4:15:Infinity":3,"s:19:26:19:Infinity":4,"f:21:22:21:Infinity":1,"s:25:45:25:Infinity":5,"s:29:2:48:Infinity":6,"s:30:4:37:Infinity":7,"b:39:4:41:Infinity:undefined:undefined:undefined:undefined":0,"s:39:4:41:Infinity":8,"b:39:8:39:41:39:41:39:70":1,"s:40:6:40:Infinity":9,"s:43:4:47:Infinity":10,"b:50:2:64:Infinity:undefined:undefined:undefined:undefined":2,"s:50:2:64:Infinity":11,"s:51:49:51:Infinity":12,"s:53:4:57:Infinity":13,"s:54:6:54:Infinity":14,"s:59:4:63:Infinity":15,"b:60:6:60:38:60:38:60:Infinity":3,"b:61:6:61:35:61:35:61:Infinity":4,"s:66:16:66:Infinity":16,"b:68:2:74:Infinity:undefined:undefined:undefined:undefined":5,"s:68:2:74:Infinity":17,"b:68:6:68:41:68:41:68:72":6,"s:69:4:73:Infinity":18,"s:76:2:76:Infinity":19},"fnNames":{}}}
,"/workspace/frontend/src/features/calculator/components/Calculator.tsx": {"path":"/workspace/frontend/src/features/calculator/components/Calculator.tsx","statementMap":{"0":{"start":{"line":17,"column":6},"end":{"line":17,"column":20}},"1":{"start":{"line":19,"column":2},"end":{"line":27,"column":null}},"2":{"start":{"line":25,"column":6},"end":{"line":25,"column":null}},"3":{"start":{"line":29,"column":2},"end":{"line":50,"column":null}},"4":{"start":{"line":47,"column":10},"end":{"line":47,"column":null}}},"fnMap":{"0":{"name":"Calculator","decl":{"start":{"line":7,"column":16},"end":{"line":7,"column":29}},"loc":{"start":{"line":7,"column":29},"end":{"line":52,"column":null}},"line":7},"1":{"name":"(anonymous_1)","decl":{"start":{"line":24,"column":4},"end":{"line":24,"column":20}},"loc":{"start":{"line":24,"column":20},"end":{"line":26,"column":null}},"line":24},"2":{"name":"(anonymous_2)","decl":{"start":{"line":46,"column":8},"end":{"line":46,"column":26}},"loc":{"start":{"line":46,"column":26},"end":{"line":48,"column":null}},"line":46}},"branchMap":{},"s":{"0":57,"1":57,"2":1,"3":57,"4":4},"f":{"0":57,"1":1,"2":4},"b":{},"meta":{"lastBranch":0,"lastFunction":3,"lastStatement":5,"seen":{"f:7:16:7:29":0,"s:17:6:17:20":0,"s:19:2:27:Infinity":1,"f:24:4:24:20":1,"s:25:6:25:Infinity":2,"s:29:2:50:Infinity":3,"f:46:8:46:26":2,"s:47:10:47:Infinity":4},"fnNames":{}}}
,"/workspace/frontend/src/features/calculator/components/CalculatorButton.tsx": {"path":"/workspace/frontend/src/features/calculator/components/CalculatorButton.tsx","statementMap":{"0":{"start":{"line":4,"column":70},"end":{"line":12,"column":null}},"1":{"start":{"line":31,"column":24},"end":{"line":31,"column":null}},"2":{"start":{"line":32,"column":28},"end":{"line":34,"column":null}},"3":{"start":{"line":36,"column":2},"end":{"line":45,"column":null}}},"fnMap":{"0":{"name":"CalculatorButton","decl":{"start":{"line":23,"column":16},"end":{"line":23,"column":33}},"loc":{"start":{"line":30,"column":26},"end":{"line":47,"column":null}},"line":30}},"branchMap":{"0":{"loc":{"start":{"line":27,"column":2},"end":{"line":27,"column":null}},"type":"default-arg","locations":[{"start":{"line":27,"column":13},"end":{"line":27,"column":null}}],"line":27},"1":{"loc":{"start":{"line":31,"column":24},"end":{"line":31,"column":null}},"type":"cond-expr","locations":[{"start":{"line":31,"column":31},"end":{"line":31,"column":54}},{"start":{"line":31,"column":54},"end":{"line":31,"column":null}}],"line":31}},"s":{"0":1,"1":1311,"2":1311,"3":1311},"f":{"0":1311},"b":{"0":[1311],"1":[1311,0]},"meta":{"lastBranch":2,"lastFunction":1,"lastStatement":4,"seen":{"s:4:70:12:Infinity":0,"f:23:16:23:33":0,"b:27:13:27:Infinity":0,"s:31:24:31:Infinity":1,"b:31:31:31:54:31:54:31:Infinity":1,"s:32:28:34:Infinity":2,"s:36:2:45:Infinity":3},"fnNames":{}}}
,"/workspace/frontend/src/features/calculator/components/CalculatorDisplay.tsx": {"path":"/workspace/frontend/src/features/calculator/components/CalculatorDisplay.tsx","statementMap":{"0":{"start":{"line":17,"column":4},"end":{"line":17,"column":null}},"1":{"start":{"line":19,"column":2},"end":{"line":42,"column":null}}},"fnMap":{"0":{"name":"CalculatorDisplay","decl":{"start":{"line":10,"column":16},"end":{"line":10,"column":34}},"loc":{"start":{"line":15,"column":27},"end":{"line":44,"column":null}},"line":15}},"branchMap":{"0":{"loc":{"start":{"line":17,"column":4},"end":{"line":17,"column":null}},"type":"binary-expr","locations":[{"start":{"line":17,"column":4},"end":{"line":17,"column":25}},{"start":{"line":17,"column":25},"end":{"line":17,"column":null}}],"line":17},"1":{"loc":{"start":{"line":21,"column":7},"end":{"line":23,"column":null}},"type":"cond-expr","locations":[{"start":{"line":22,"column":8},"end":{"line":23,"column":null}},{"start":{"line":23,"column":10},"end":{"line":23,"column":null}}],"line":21},"2":{"loc":{"start":{"line":32,"column":7},"end":{"line":36,"column":null}},"type":"cond-expr","locations":[{"start":{"line":33,"column":8},"end":{"line":36,"column":null}},{"start":{"line":36,"column":10},"end":{"line":36,"column":null}}],"line":32},"3":{"loc":{"start":{"line":37,"column":7},"end":{"line":41,"column":null}},"type":"cond-expr","locations":[{"start":{"line":38,"column":8},"end":{"line":41,"column":null}},{"start":{"line":41,"column":10},"end":{"line":41,"column":null}}],"line":37}},"s":{"0":57,"1":57},"f":{"0":57},"b":{"0":[57,41],"1":[3,54],"2":[5,52],"3":[1,56]},"meta":{"lastBranch":4,"lastFunction":1,"lastStatement":2,"seen":{"f:10:16:10:34":0,"s:17:4:17:Infinity":0,"b:17:4:17:25:17:25:17:Infinity":0,"s:19:2:42:Infinity":1,"b:22:8:23:Infinity:23:10:23:Infinity":1,"b:33:8:36:Infinity:36:10:36:Infinity":2,"b:38:8:41:Infinity:41:10:41:Infinity":3},"fnNames":{}}}
,"/workspace/frontend/src/features/calculator/components/CalculatorKeypad.tsx": {"path":"/workspace/frontend/src/features/calculator/components/CalculatorKeypad.tsx","statementMap":{"0":{"start":{"line":18,"column":2},"end":{"line":21,"column":null}},"1":{"start":{"line":19,"column":4},"end":{"line":19,"column":null}},"2":{"start":{"line":20,"column":4},"end":{"line":20,"column":null}},"3":{"start":{"line":23,"column":2},"end":{"line":26,"column":null}},"4":{"start":{"line":24,"column":4},"end":{"line":24,"column":null}},"5":{"start":{"line":25,"column":4},"end":{"line":25,"column":null}},"6":{"start":{"line":28,"column":2},"end":{"line":31,"column":null}},"7":{"start":{"line":29,"column":4},"end":{"line":29,"column":null}},"8":{"start":{"line":30,"column":4},"end":{"line":30,"column":null}},"9":{"start":{"line":33,"column":2},"end":{"line":35,"column":null}},"10":{"start":{"line":34,"column":4},"end":{"line":34,"column":null}},"11":{"start":{"line":45,"column":2},"end":{"line":72,"column":null}},"12":{"start":{"line":49,"column":10},"end":{"line":49,"column":null}},"13":{"start":{"line":51,"column":30},"end":{"line":51,"column":null}},"14":{"start":{"line":53,"column":8},"end":{"line":69,"column":null}},"15":{"start":{"line":62,"column":14},"end":{"line":67,"column":null}}},"fnMap":{"0":{"name":"handleKeyPress","decl":{"start":{"line":14,"column":9},"end":{"line":14,"column":null}},"loc":{"start":{"line":17,"column":2},"end":{"line":36,"column":null}},"line":17},"1":{"name":"CalculatorKeypad","decl":{"start":{"line":38,"column":16},"end":{"line":38,"column":33}},"loc":{"start":{"line":44,"column":26},"end":{"line":74,"column":null}},"line":44},"2":{"name":"(anonymous_2)","decl":{"start":{"line":47,"column":22},"end":{"line":47,"column":27}},"loc":{"start":{"line":47,"column":35},"end":{"line":71,"column":7}},"line":47},"3":{"name":"(anonymous_3)","decl":{"start":{"line":61,"column":12},"end":{"line":61,"column":null}},"loc":{"start":{"line":62,"column":14},"end":{"line":67,"column":null}},"line":62}},"branchMap":{"0":{"loc":{"start":{"line":18,"column":2},"end":{"line":21,"column":null}},"type":"if","locations":[{"start":{"line":18,"column":2},"end":{"line":21,"column":null}},{"start":{},"end":{}}],"line":18},"1":{"loc":{"start":{"line":23,"column":2},"end":{"line":26,"column":null}},"type":"if","locations":[{"start":{"line":23,"column":2},"end":{"line":26,"column":null}},{"start":{},"end":{}}],"line":23},"2":{"loc":{"start":{"line":28,"column":2},"end":{"line":31,"column":null}},"type":"if","locations":[{"start":{"line":28,"column":2},"end":{"line":31,"column":null}},{"start":{},"end":{}}],"line":28},"3":{"loc":{"start":{"line":33,"column":2},"end":{"line":35,"column":null}},"type":"if","locations":[{"start":{"line":33,"column":2},"end":{"line":35,"column":null}},{"start":{},"end":{}}],"line":33},"4":{"loc":{"start":{"line":49,"column":10},"end":{"line":49,"column":null}},"type":"cond-expr","locations":[{"start":{"line":49,"column":40},"end":{"line":49,"column":57}},{"start":{"line":49,"column":57},"end":{"line":49,"column":null}}],"line":49},"5":{"loc":{"start":{"line":60,"column":22},"end":{"line":60,"column":null}},"type":"binary-expr","locations":[{"start":{"line":60,"column":22},"end":{"line":60,"column":35}},{"start":{"line":60,"column":35},"end":{"line":60,"column":null}}],"line":60}},"s":{"0":25,"1":1,"2":1,"3":24,"4":1,"5":1,"6":23,"7":4,"8":4,"9":19,"10":19,"11":57,"12":1311,"13":1311,"14":1311,"15":25},"f":{"0":25,"1":57,"2":1311,"3":25},"b":{"0":[1,24],"1":[1,23],"2":[4,19],"3":[19,0],"4":[57,1254],"5":[1311,115]},"meta":{"lastBranch":6,"lastFunction":4,"lastStatement":16,"seen":{"f:14:9:14:Infinity":0,"b:18:2:21:Infinity:undefined:undefined:undefined:undefined":0,"s:18:2:21:Infinity":0,"s:19:4:19:Infinity":1,"s:20:4:20:Infinity":2,"b:23:2:26:Infinity:undefined:undefined:undefined:undefined":1,"s:23:2:26:Infinity":3,"s:24:4:24:Infinity":4,"s:25:4:25:Infinity":5,"b:28:2:31:Infinity:undefined:undefined:undefined:undefined":2,"s:28:2:31:Infinity":6,"s:29:4:29:Infinity":7,"s:30:4:30:Infinity":8,"b:33:2:35:Infinity:undefined:undefined:undefined:undefined":3,"s:33:2:35:Infinity":9,"s:34:4:34:Infinity":10,"f:38:16:38:33":1,"s:45:2:72:Infinity":11,"f:47:22:47:27":2,"s:49:10:49:Infinity":12,"b:49:40:49:57:49:57:49:Infinity":4,"s:51:30:51:Infinity":13,"s:53:8:69:Infinity":14,"b:60:22:60:35:60:35:60:Infinity":5,"f:61:12:61:Infinity":3,"s:62:14:67:Infinity":15},"fnNames":{}}}
,"/workspace/frontend/src/features/calculator/hooks/useCalculator.ts": {"path":"/workspace/frontend/src/features/calculator/hooks/useCalculator.ts","statementMap":{"0":{"start":{"line":25,"column":28},"end":{"line":28,"column":null}},"1":{"start":{"line":29,"column":29},"end":{"line":29,"column":null}},"2":{"start":{"line":31,"column":2},"end":{"line":35,"column":null}},"3":{"start":{"line":32,"column":4},"end":{"line":34,"column":null}},"4":{"start":{"line":33,"column":6},"end":{"line":33,"column":null}},"5":{"start":{"line":37,"column":20},"end":{"line":37,"column":null}},"6":{"start":{"line":40,"column":4},"end":{"line":44,"column":null}},"7":{"start":{"line":47,"column":4},"end":{"line":47,"column":null}},"8":{"start":{"line":48,"column":4},"end":{"line":48,"column":null}},"9":{"start":{"line":52,"column":4},"end":{"line":54,"column":null}},"10":{"start":{"line":53,"column":6},"end":{"line":53,"column":null}},"11":{"start":{"line":55,"column":4},"end":{"line":55,"column":null}},"12":{"start":{"line":59,"column":4},"end":{"line":59,"column":null}},"13":{"start":{"line":60,"column":4},"end":{"line":60,"column":null}},"14":{"start":{"line":64,"column":4},"end":{"line":66,"column":null}},"15":{"start":{"line":65,"column":6},"end":{"line":65,"column":null}},"16":{"start":{"line":67,"column":4},"end":{"line":67,"column":null}},"17":{"start":{"line":71,"column":4},"end":{"line":73,"column":null}},"18":{"start":{"line":72,"column":6},"end":{"line":72,"column":null}},"19":{"start":{"line":75,"column":33},"end":{"line":75,"column":null}},"20":{"start":{"line":77,"column":4},"end":{"line":79,"column":null}},"21":{"start":{"line":78,"column":6},"end":{"line":78,"column":null}},"22":{"start":{"line":81,"column":4},"end":{"line":81,"column":null}},"23":{"start":{"line":82,"column":23},"end":{"line":82,"column":null}},"24":{"start":{"line":83,"column":4},"end":{"line":83,"column":null}},"25":{"start":{"line":85,"column":4},"end":{"line":85,"column":null}},"26":{"start":{"line":87,"column":4},"end":{"line":104,"column":null}},"27":{"start":{"line":88,"column":21},"end":{"line":91,"column":null}},"28":{"start":{"line":92,"column":6},"end":{"line":92,"column":null}},"29":{"start":{"line":94,"column":6},"end":{"line":96,"column":null}},"30":{"start":{"line":95,"column":8},"end":{"line":95,"column":null}},"31":{"start":{"line":99,"column":8},"end":{"line":101,"column":null}},"32":{"start":{"line":103,"column":6},"end":{"line":103,"column":null}},"33":{"start":{"line":107,"column":2},"end":{"line":117,"column":null}}},"fnMap":{"0":{"name":"useCalculator","decl":{"start":{"line":24,"column":16},"end":{"line":24,"column":53}},"loc":{"start":{"line":24,"column":53},"end":{"line":118,"column":null}},"line":24},"1":{"name":"(anonymous_1)","decl":{"start":{"line":31,"column":2},"end":{"line":31,"column":18}},"loc":{"start":{"line":31,"column":18},"end":{"line":35,"column":5}},"line":31},"2":{"name":"(anonymous_2)","decl":{"start":{"line":32,"column":4},"end":{"line":32,"column":17}},"loc":{"start":{"line":32,"column":17},"end":{"line":34,"column":null}},"line":32},"3":{"name":"abortInFlightRequest","decl":{"start":{"line":46,"column":11},"end":{"line":46,"column":34}},"loc":{"start":{"line":46,"column":34},"end":{"line":49,"column":null}},"line":46},"4":{"name":"append","decl":{"start":{"line":51,"column":11},"end":{"line":51,"column":18}},"loc":{"start":{"line":51,"column":33},"end":{"line":56,"column":null}},"line":51},"5":{"name":"clear","decl":{"start":{"line":58,"column":11},"end":{"line":58,"column":19}},"loc":{"start":{"line":58,"column":19},"end":{"line":61,"column":null}},"line":58},"6":{"name":"deleteLast","decl":{"start":{"line":63,"column":11},"end":{"line":63,"column":24}},"loc":{"start":{"line":63,"column":24},"end":{"line":68,"column":null}},"line":63},"7":{"name":"evaluate","decl":{"start":{"line":70,"column":17},"end":{"line":70,"column":28}},"loc":{"start":{"line":70,"column":28},"end":{"line":105,"column":null}},"line":70}},"branchMap":{"0":{"loc":{"start":{"line":40,"column":4},"end":{"line":44,"column":null}},"type":"cond-expr","locations":[{"start":{"line":41,"column":8},"end":{"line":43,"column":null}},{"start":{"line":44,"column":8},"end":{"line":44,"column":null}}],"line":40},"1":{"loc":{"start":{"line":40,"column":4},"end":{"line":40,"column":null}},"type":"binary-expr","locations":[{"start":{"line":40,"column":4},"end":{"line":40,"column":17}},{"start":{"line":40,"column":17},"end":{"line":40,"column":null}}],"line":40},"2":{"loc":{"start":{"line":40,"column":19},"end":{"line":40,"column":null}},"type":"binary-expr","locations":[{"start":{"line":40,"column":19},"end":{"line":40,"column":42}},{"start":{"line":40,"column":42},"end":{"line":40,"column":null}}],"line":40},"3":{"loc":{"start":{"line":41,"column":8},"end":{"line":43,"column":null}},"type":"cond-expr","locations":[{"start":{"line":42,"column":10},"end":{"line":42,"column":null}},{"start":{"line":43,"column":10},"end":{"line":43,"column":null}}],"line":41},"4":{"loc":{"start":{"line":52,"column":4},"end":{"line":54,"column":null}},"type":"if","locations":[{"start":{"line":52,"column":4},"end":{"line":54,"column":null}},{"start":{},"end":{}}],"line":52},"5":{"loc":{"start":{"line":64,"column":4},"end":{"line":66,"column":null}},"type":"if","locations":[{"start":{"line":64,"column":4},"end":{"line":66,"column":null}},{"start":{},"end":{}}],"line":64},"6":{"loc":{"start":{"line":71,"column":4},"end":{"line":73,"column":null}},"type":"if","locations":[{"start":{"line":71,"column":4},"end":{"line":73,"column":null}},{"start":{},"end":{}}],"line":71},"7":{"loc":{"start":{"line":77,"column":4},"end":{"line":79,"column":null}},"type":"if","locations":[{"start":{"line":77,"column":4},"end":{"line":79,"column":null}},{"start":{},"end":{}}],"line":77},"8":{"loc":{"start":{"line":94,"column":6},"end":{"line":96,"column":null}},"type":"if","locations":[{"start":{"line":94,"column":6},"end":{"line":96,"column":null}},{"start":{},"end":{}}],"line":94},"9":{"loc":{"start":{"line":94,"column":10},"end":{"line":94,"column":72}},"type":"binary-expr","locations":[{"start":{"line":94,"column":10},"end":{"line":94,"column":43}},{"start":{"line":94,"column":43},"end":{"line":94,"column":72}}],"line":94},"10":{"loc":{"start":{"line":99,"column":8},"end":{"line":101,"column":null}},"type":"cond-expr","locations":[{"start":{"line":100,"column":12},"end":{"line":100,"column":null}},{"start":{"line":101,"column":12},"end":{"line":101,"column":null}}],"line":99}},"s":{"0":57,"1":57,"2":57,"3":14,"4":14,"5":57,"6":57,"7":7,"8":7,"9":29,"10":0,"11":29,"12":2,"13":2,"14":2,"15":0,"16":2,"17":5,"18":0,"19":5,"20":5,"21":0,"22":5,"23":5,"24":5,"25":5,"26":5,"27":5,"28":4,"29":1,"30":0,"31":1,"32":1,"33":57},"f":{"0":57,"1":14,"2":14,"3":7,"4":29,"5":2,"6":2,"7":5},"b":{"0":[53,4],"1":[57,52],"2":[52,4],"3":[16,37],"4":[0,29],"5":[0,2],"6":[0,5],"7":[0,5],"8":[0,1],"9":[1,0],"10":[1,0]},"meta":{"lastBranch":11,"lastFunction":8,"lastStatement":34,"seen":{"f:24:16:24:53":0,"s:25:28:28:Infinity":0,"s:29:29:29:Infinity":1,"s:31:2:35:Infinity":2,"f:31:2:31:18":1,"s:32:4:34:Infinity":3,"f:32:4:32:17":2,"s:33:6:33:Infinity":4,"s:37:20:37:Infinity":5,"s:40:4:44:Infinity":6,"b:41:8:43:Infinity:44:8:44:Infinity":0,"b:40:4:40:17:40:17:40:Infinity":1,"b:40:19:40:42:40:42:40:Infinity":2,"b:42:10:42:Infinity:43:10:43:Infinity":3,"f:46:11:46:34":3,"s:47:4:47:Infinity":7,"s:48:4:48:Infinity":8,"f:51:11:51:18":4,"b:52:4:54:Infinity:undefined:undefined:undefined:undefined":4,"s:52:4:54:Infinity":9,"s:53:6:53:Infinity":10,"s:55:4:55:Infinity":11,"f:58:11:58:19":5,"s:59:4:59:Infinity":12,"s:60:4:60:Infinity":13,"f:63:11:63:24":6,"b:64:4:66:Infinity:undefined:undefined:undefined:undefined":5,"s:64:4:66:Infinity":14,"s:65:6:65:Infinity":15,"s:67:4:67:Infinity":16,"f:70:17:70:28":7,"b:71:4:73:Infinity:undefined:undefined:undefined:undefined":6,"s:71:4:73:Infinity":17,"s:72:6:72:Infinity":18,"s:75:33:75:Infinity":19,"b:77:4:79:Infinity:undefined:undefined:undefined:undefined":7,"s:77:4:79:Infinity":20,"s:78:6:78:Infinity":21,"s:81:4:81:Infinity":22,"s:82:23:82:Infinity":23,"s:83:4:83:Infinity":24,"s:85:4:85:Infinity":25,"s:87:4:104:Infinity":26,"s:88:21:91:Infinity":27,"s:92:6:92:Infinity":28,"b:94:6:96:Infinity:undefined:undefined:undefined:undefined":8,"s:94:6:96:Infinity":29,"b:94:10:94:43:94:43:94:72":9,"s:95:8:95:Infinity":30,"s:99:8:101:Infinity":31,"b:100:12:100:Infinity:101:12:101:Infinity":10,"s:103:6:103:Infinity":32,"s:107:2:117:Infinity":33},"fnNames":{}}}
,"/workspace/frontend/src/features/calculator/hooks/useCalculatorKeyboard.ts": {"path":"/workspace/frontend/src/features/calculator/hooks/useCalculatorKeyboard.ts","statementMap":{"0":{"start":{"line":12,"column":2},"end":{"line":14,"column":null}},"1":{"start":{"line":13,"column":4},"end":{"line":13,"column":null}},"2":{"start":{"line":16,"column":18},"end":{"line":16,"column":null}},"3":{"start":{"line":17,"column":2},"end":{"line":21,"column":null}},"4":{"start":{"line":26,"column":21},"end":{"line":26,"column":null}},"5":{"start":{"line":28,"column":2},"end":{"line":30,"column":null}},"6":{"start":{"line":29,"column":4},"end":{"line":29,"column":null}},"7":{"start":{"line":32,"column":2},"end":{"line":102,"column":null}},"8":{"start":{"line":34,"column":6},"end":{"line":36,"column":null}},"9":{"start":{"line":35,"column":8},"end":{"line":35,"column":null}},"10":{"start":{"line":44,"column":10},"end":{"line":44,"column":null}},"11":{"start":{"line":46,"column":22},"end":{"line":46,"column":null}},"12":{"start":{"line":48,"column":6},"end":{"line":51,"column":null}},"13":{"start":{"line":49,"column":8},"end":{"line":49,"column":null}},"14":{"start":{"line":50,"column":8},"end":{"line":50,"column":null}},"15":{"start":{"line":53,"column":6},"end":{"line":57,"column":null}},"16":{"start":{"line":54,"column":8},"end":{"line":54,"column":null}},"17":{"start":{"line":55,"column":8},"end":{"line":55,"column":null}},"18":{"start":{"line":56,"column":8},"end":{"line":56,"column":null}},"19":{"start":{"line":59,"column":6},"end":{"line":95,"column":null}},"20":{"start":{"line":61,"column":10},"end":{"line":61,"column":null}},"21":{"start":{"line":62,"column":10},"end":{"line":62,"column":null}},"22":{"start":{"line":63,"column":10},"end":{"line":63,"column":null}},"23":{"start":{"line":72,"column":10},"end":{"line":72,"column":null}},"24":{"start":{"line":73,"column":10},"end":{"line":73,"column":null}},"25":{"start":{"line":74,"column":10},"end":{"line":74,"column":null}},"26":{"start":{"line":77,"column":10},"end":{"line":77,"column":null}},"27":{"start":{"line":78,"column":10},"end":{"line":78,"column":null}},"28":{"start":{"line":79,"column":10},"end":{"line":79,"column":null}},"29":{"start":{"line":82,"column":10},"end":{"line":82,"column":null}},"30":{"start":{"line":83,"column":10},"end":{"line":83,"column":null}},"31":{"start":{"line":84,"column":10},"end":{"line":84,"column":null}},"32":{"start":{"line":86,"column":10},"end":{"line":86,"column":null}},"33":{"start":{"line":87,"column":10},"end":{"line":87,"column":null}},"34":{"start":{"line":88,"column":10},"end":{"line":88,"column":null}},"35":{"start":{"line":90,"column":10},"end":{"line":90,"column":null}},"36":{"start":{"line":91,"column":10},"end":{"line":91,"column":null}},"37":{"start":{"line":92,"column":10},"end":{"line":92,"column":null}},"38":{"start":{"line":94,"column":10},"end":{"line":94,"column":null}},"39":{"start":{"line":98,"column":4},"end":{"line":98,"column":null}},"40":{"start":{"line":99,"column":4},"end":{"line":101,"column":null}},"41":{"start":{"line":100,"column":6},"end":{"line":100,"column":null}}},"fnMap":{"0":{"name":"isTypingInField","decl":{"start":{"line":11,"column":9},"end":{"line":11,"column":25}},"loc":{"start":{"line":11,"column":62},"end":{"line":23,"column":null}},"line":11},"1":{"name":"useCalculatorKeyboard","decl":{"start":{"line":25,"column":16},"end":{"line":25,"column":38}},"loc":{"start":{"line":25,"column":74},"end":{"line":103,"column":null}},"line":25},"2":{"name":"(anonymous_2)","decl":{"start":{"line":28,"column":2},"end":{"line":28,"column":18}},"loc":{"start":{"line":28,"column":18},"end":{"line":30,"column":3}},"line":28},"3":{"name":"(anonymous_3)","decl":{"start":{"line":32,"column":2},"end":{"line":32,"column":18}},"loc":{"start":{"line":32,"column":18},"end":{"line":102,"column":5}},"line":32},"4":{"name":"handleKeyDown","decl":{"start":{"line":33,"column":13},"end":{"line":33,"column":27}},"loc":{"start":{"line":33,"column":49},"end":{"line":96,"column":null}},"line":33},"5":{"name":"(anonymous_5)","decl":{"start":{"line":99,"column":4},"end":{"line":99,"column":17}},"loc":{"start":{"line":99,"column":17},"end":{"line":101,"column":null}},"line":99}},"branchMap":{"0":{"loc":{"start":{"line":12,"column":2},"end":{"line":14,"column":null}},"type":"if","locations":[{"start":{"line":12,"column":2},"end":{"line":14,"column":null}},{"start":{},"end":{}}],"line":12},"1":{"loc":{"start":{"line":18,"column":4},"end":{"line":21,"column":null}},"type":"binary-expr","locations":[{"start":{"line":18,"column":4},"end":{"line":18,"column":null}},{"start":{"line":19,"column":4},"end":{"line":19,"column":null}},{"start":{"line":20,"column":4},"end":{"line":20,"column":null}},{"start":{"line":21,"column":4},"end":{"line":21,"column":null}}],"line":18},"2":{"loc":{"start":{"line":34,"column":6},"end":{"line":36,"column":null}},"type":"if","locations":[{"start":{"line":34,"column":6},"end":{"line":36,"column":null}},{"start":{},"end":{}}],"line":34},"3":{"loc":{"start":{"line":48,"column":6},"end":{"line":51,"column":null}},"type":"if","locations":[{"start":{"line":48,"column":6},"end":{"line":51,"column":null}},{"start":{},"end":{}}],"line":48},"4":{"loc":{"start":{"line":48,"column":10},"end":{"line":48,"column":57}},"type":"binary-expr","locations":[{"start":{"line":48,"column":10},"end":{"line":48,"column":24}},{"start":{"line":48,"column":24},"end":{"line":48,"column":43}},{"start":{"line":48,"column":43},"end":{"line":48,"column":57}}],"line":48},"5":{"loc":{"start":{"line":53,"column":6},"end":{"line":57,"column":null}},"type":"if","locations":[{"start":{"line":53,"column":6},"end":{"line":57,"column":null}},{"start":{},"end":{}}],"line":53},"6":{"loc":{"start":{"line":59,"column":6},"end":{"line":95,"column":null}},"type":"switch","locations":[{"start":{"line":60,"column":8},"end":{"line":63,"column":null}},{"start":{"line":64,"column":8},"end":{"line":64,"column":null}},{"start":{"line":65,"column":8},"end":{"line":65,"column":null}},{"start":{"line":66,"column":8},"end":{"line":66,"column":null}},{"start":{"line":67,"column":8},"end":{"line":67,"column":null}},{"start":{"line":68,"column":8},"end":{"line":68,"column":null}},{"start":{"line":69,"column":8},"end":{"line":69,"column":null}},{"start":{"line":70,"column":8},"end":{"line":70,"column":null}},{"start":{"line":71,"column":8},"end":{"line":74,"column":null}},{"start":{"line":75,"column":8},"end":{"line":75,"column":null}},{"start":{"line":76,"column":8},"end":{"line":79,"column":null}},{"start":{"line":80,"column":8},"end":{"line":80,"column":null}},{"start":{"line":81,"column":8},"end":{"line":84,"column":null}},{"start":{"line":85,"column":8},"end":{"line":88,"column":null}},{"start":{"line":89,"column":8},"end":{"line":92,"column":null}},{"start":{"line":93,"column":8},"end":{"line":94,"column":null}}],"line":59}},"s":{"0":16,"1":0,"2":16,"3":16,"4":57,"5":57,"6":57,"7":57,"8":16,"9":0,"10":16,"11":16,"12":16,"13":0,"14":0,"15":16,"16":8,"17":8,"18":8,"19":8,"20":0,"21":0,"22":0,"23":2,"24":2,"25":2,"26":0,"27":0,"28":0,"29":1,"30":1,"31":1,"32":1,"33":1,"34":1,"35":1,"36":1,"37":1,"38":3,"39":14,"40":14,"41":14},"f":{"0":16,"1":57,"2":57,"3":14,"4":16,"5":14},"b":{"0":[0,16],"1":[16,16,16,16],"2":[0,16],"3":[0,16],"4":[16,0,0],"5":[8,8],"6":[0,0,1,1,1,2,2,2,2,0,0,1,1,1,1,3]},"meta":{"lastBranch":7,"lastFunction":6,"lastStatement":42,"seen":{"f:11:9:11:25":0,"b:12:2:14:Infinity:undefined:undefined:undefined:undefined":0,"s:12:2:14:Infinity":0,"s:13:4:13:Infinity":1,"s:16:18:16:Infinity":2,"s:17:2:21:Infinity":3,"b:18:4:18:Infinity:19:4:19:Infinity:20:4:20:Infinity:21:4:21:Infinity":1,"f:25:16:25:38":1,"s:26:21:26:Infinity":4,"s:28:2:30:Infinity":5,"f:28:2:28:18":2,"s:29:4:29:Infinity":6,"s:32:2:102:Infinity":7,"f:32:2:32:18":3,"f:33:13:33:27":4,"b:34:6:36:Infinity:undefined:undefined:undefined:undefined":2,"s:34:6:36:Infinity":8,"s:35:8:35:Infinity":9,"s:44:10:44:Infinity":10,"s:46:22:46:Infinity":11,"b:48:6:51:Infinity:undefined:undefined:undefined:undefined":3,"s:48:6:51:Infinity":12,"b:48:10:48:24:48:24:48:43:48:43:48:57":4,"s:49:8:49:Infinity":13,"s:50:8:50:Infinity":14,"b:53:6:57:Infinity:undefined:undefined:undefined:undefined":5,"s:53:6:57:Infinity":15,"s:54:8:54:Infinity":16,"s:55:8:55:Infinity":17,"s:56:8:56:Infinity":18,"b:60:8:63:Infinity:64:8:64:Infinity:65:8:65:Infinity:66:8:66:Infinity:67:8:67:Infinity:68:8:68:Infinity:69:8:69:Infinity:70:8:70:Infinity:71:8:74:Infinity:75:8:75:Infinity:76:8:79:Infinity:80:8:80:Infinity:81:8:84:Infinity:85:8:88:Infinity:89:8:92:Infinity:93:8:94:Infinity":6,"s:59:6:95:Infinity":19,"s:61:10:61:Infinity":20,"s:62:10:62:Infinity":21,"s:63:10:63:Infinity":22,"s:72:10:72:Infinity":23,"s:73:10:73:Infinity":24,"s:74:10:74:Infinity":25,"s:77:10:77:Infinity":26,"s:78:10:78:Infinity":27,"s:79:10:79:Infinity":28,"s:82:10:82:Infinity":29,"s:83:10:83:Infinity":30,"s:84:10:84:Infinity":31,"s:86:10:86:Infinity":32,"s:87:10:87:Infinity":33,"s:88:10:88:Infinity":34,"s:90:10:90:Infinity":35,"s:91:10:91:Infinity":36,"s:92:10:92:Infinity":37,"s:94:10:94:Infinity":38,"s:98:4:98:Infinity":39,"s:99:4:101:Infinity":40,"f:99:4:99:17":5,"s:100:6:100:Infinity":41},"fnNames":{}}}
,"/workspace/frontend/src/features/calculator/model/calculator.reducer.ts": {"path":"/workspace/frontend/src/features/calculator/model/calculator.reducer.ts","statementMap":{"0":{"start":{"line":4,"column":55},"end":{"line":10,"column":null}},"1":{"start":{"line":16,"column":2},"end":{"line":71,"column":null}},"2":{"start":{"line":18,"column":6},"end":{"line":28,"column":null}},"3":{"start":{"line":31,"column":6},"end":{"line":38,"column":null}},"4":{"start":{"line":41,"column":6},"end":{"line":41,"column":null}},"5":{"start":{"line":44,"column":6},"end":{"line":48,"column":null}},"6":{"start":{"line":51,"column":6},"end":{"line":57,"column":null}},"7":{"start":{"line":60,"column":6},"end":{"line":65,"column":null}},"8":{"start":{"line":68,"column":33},"end":{"line":68,"column":null}},"9":{"start":{"line":69,"column":6},"end":{"line":69,"column":null}}},"fnMap":{"0":{"name":"calculatorReducer","decl":{"start":{"line":12,"column":16},"end":{"line":12,"column":null}},"loc":{"start":{"line":15,"column":19},"end":{"line":72,"column":null}},"line":15}},"branchMap":{"0":{"loc":{"start":{"line":16,"column":2},"end":{"line":71,"column":null}},"type":"switch","locations":[{"start":{"line":17,"column":4},"end":{"line":28,"column":null}},{"start":{"line":30,"column":4},"end":{"line":38,"column":null}},{"start":{"line":40,"column":4},"end":{"line":41,"column":null}},{"start":{"line":43,"column":4},"end":{"line":48,"column":null}},{"start":{"line":50,"column":4},"end":{"line":57,"column":null}},{"start":{"line":59,"column":4},"end":{"line":65,"column":null}},{"start":{"line":67,"column":4},"end":{"line":70,"column":null}}],"line":16}},"s":{"0":2,"1":51,"2":32,"3":3,"4":3,"5":6,"6":5,"7":2,"8":0,"9":0},"f":{"0":51},"b":{"0":[32,3,3,6,5,2,0]},"meta":{"lastBranch":1,"lastFunction":1,"lastStatement":10,"seen":{"s:4:55:10:Infinity":0,"f:12:16:12:Infinity":0,"b:17:4:28:Infinity:30:4:38:Infinity:40:4:41:Infinity:43:4:48:Infinity:50:4:57:Infinity:59:4:65:Infinity:67:4:70:Infinity":0,"s:16:2:71:Infinity":1,"s:18:6:28:Infinity":2,"s:31:6:38:Infinity":3,"s:41:6:41:Infinity":4,"s:44:6:48:Infinity":5,"s:51:6:57:Infinity":6,"s:60:6:65:Infinity":7,"s:68:33:68:Infinity":8,"s:69:6:69:Infinity":9},"fnNames":{}}}
,"/workspace/frontend/src/features/calculator/model/calculatorKeys.ts": {"path":"/workspace/frontend/src/features/calculator/model/calculatorKeys.ts","statementMap":{"0":{"start":{"line":3,"column":56},"end":{"line":166,"column":null}}},"fnMap":{},"branchMap":{},"s":{"0":1},"f":{},"b":{},"meta":{"lastBranch":0,"lastFunction":0,"lastStatement":1,"seen":{"s:3:56:166:Infinity":0},"fnNames":{}}}
,"/workspace/frontend/src/features/calculator/model/expressionBuilder.ts": {"path":"/workspace/frontend/src/features/calculator/model/expressionBuilder.ts","statementMap":{"0":{"start":{"line":2,"column":37},"end":{"line":2,"column":null}},"1":{"start":{"line":10,"column":2},"end":{"line":10,"column":null}},"2":{"start":{"line":14,"column":2},"end":{"line":14,"column":null}},"3":{"start":{"line":18,"column":2},"end":{"line":18,"column":null}},"4":{"start":{"line":22,"column":16},"end":{"line":22,"column":null}},"5":{"start":{"line":23,"column":2},"end":{"line":23,"column":null}},"6":{"start":{"line":27,"column":2},"end":{"line":27,"column":null}},"7":{"start":{"line":31,"column":2},"end":{"line":33,"column":null}},"8":{"start":{"line":32,"column":4},"end":{"line":32,"column":null}},"9":{"start":{"line":35,"column":2},"end":{"line":35,"column":null}},"10":{"start":{"line":43,"column":13},"end":{"line":43,"column":null}},"11":{"start":{"line":45,"column":2},"end":{"line":51,"column":null}},"12":{"start":{"line":46,"column":4},"end":{"line":50,"column":null}},"13":{"start":{"line":47,"column":6},"end":{"line":47,"column":null}},"14":{"start":{"line":48,"column":11},"end":{"line":50,"column":null}},"15":{"start":{"line":49,"column":6},"end":{"line":49,"column":null}},"16":{"start":{"line":53,"column":2},"end":{"line":55,"column":null}},"17":{"start":{"line":54,"column":4},"end":{"line":54,"column":null}},"18":{"start":{"line":57,"column":15},"end":{"line":57,"column":null}},"19":{"start":{"line":59,"column":2},"end":{"line":61,"column":null}},"20":{"start":{"line":60,"column":4},"end":{"line":60,"column":null}},"21":{"start":{"line":63,"column":2},"end":{"line":63,"column":null}}},"fnMap":{"0":{"name":"formatResult","decl":{"start":{"line":9,"column":9},"end":{"line":9,"column":22}},"loc":{"start":{"line":9,"column":46},"end":{"line":11,"column":null}},"line":9},"1":{"name":"startsNewExpression","decl":{"start":{"line":13,"column":9},"end":{"line":13,"column":29}},"loc":{"start":{"line":13,"column":53},"end":{"line":15,"column":null}},"line":13},"2":{"name":"continuesFromResult","decl":{"start":{"line":17,"column":9},"end":{"line":17,"column":29}},"loc":{"start":{"line":17,"column":53},"end":{"line":19,"column":null}},"line":17},"3":{"name":"currentNumberFragment","decl":{"start":{"line":21,"column":9},"end":{"line":21,"column":31}},"loc":{"start":{"line":21,"column":59},"end":{"line":24,"column":null}},"line":21},"4":{"name":"canAppendDecimal","decl":{"start":{"line":26,"column":16},"end":{"line":26,"column":33}},"loc":{"start":{"line":26,"column":62},"end":{"line":28,"column":null}},"line":26},"5":{"name":"deleteLastCharacter","decl":{"start":{"line":30,"column":16},"end":{"line":30,"column":36}},"loc":{"start":{"line":30,"column":64},"end":{"line":36,"column":null}},"line":30},"6":{"name":"appendToExpression","decl":{"start":{"line":38,"column":16},"end":{"line":38,"column":null}},"loc":{"start":{"line":42,"column":10},"end":{"line":64,"column":null}},"line":42}},"branchMap":{"0":{"loc":{"start":{"line":14,"column":9},"end":{"line":14,"column":null}},"type":"binary-expr","locations":[{"start":{"line":14,"column":9},"end":{"line":14,"column":31}},{"start":{"line":14,"column":31},"end":{"line":14,"column":48}},{"start":{"line":14,"column":48},"end":{"line":14,"column":65}},{"start":{"line":14,"column":65},"end":{"line":14,"column":null}}],"line":14},"1":{"loc":{"start":{"line":23,"column":9},"end":{"line":23,"column":null}},"type":"binary-expr","locations":[{"start":{"line":23,"column":9},"end":{"line":23,"column":23}},{"start":{"line":23,"column":23},"end":{"line":23,"column":null}}],"line":23},"2":{"loc":{"start":{"line":31,"column":2},"end":{"line":33,"column":null}},"type":"if","locations":[{"start":{"line":31,"column":2},"end":{"line":33,"column":null}},{"start":{},"end":{}}],"line":31},"3":{"loc":{"start":{"line":45,"column":2},"end":{"line":51,"column":null}},"type":"if","locations":[{"start":{"line":45,"column":2},"end":{"line":51,"column":null}},{"start":{},"end":{}}],"line":45},"4":{"loc":{"start":{"line":45,"column":6},"end":{"line":45,"column":56}},"type":"binary-expr","locations":[{"start":{"line":45,"column":6},"end":{"line":45,"column":31}},{"start":{"line":45,"column":31},"end":{"line":45,"column":56}}],"line":45},"5":{"loc":{"start":{"line":46,"column":4},"end":{"line":50,"column":null}},"type":"if","locations":[{"start":{"line":46,"column":4},"end":{"line":50,"column":null}},{"start":{"line":48,"column":11},"end":{"line":50,"column":null}}],"line":46},"6":{"loc":{"start":{"line":48,"column":11},"end":{"line":50,"column":null}},"type":"if","locations":[{"start":{"line":48,"column":11},"end":{"line":50,"column":null}},{"start":{},"end":{}}],"line":48},"7":{"loc":{"start":{"line":53,"column":2},"end":{"line":55,"column":null}},"type":"if","locations":[{"start":{"line":53,"column":2},"end":{"line":55,"column":null}},{"start":{},"end":{}}],"line":53},"8":{"loc":{"start":{"line":53,"column":6},"end":{"line":53,"column":48}},"type":"binary-expr","locations":[{"start":{"line":53,"column":6},"end":{"line":53,"column":23}},{"start":{"line":53,"column":23},"end":{"line":53,"column":48}}],"line":53},"9":{"loc":{"start":{"line":59,"column":2},"end":{"line":61,"column":null}},"type":"if","locations":[{"start":{"line":59,"column":2},"end":{"line":61,"column":null}},{"start":{},"end":{}}],"line":59}},"s":{"0":2,"1":1,"2":2,"3":1,"4":0,"5":0,"6":0,"7":3,"8":0,"9":3,"10":32,"11":32,"12":2,"13":1,"14":1,"15":1,"16":32,"17":0,"18":32,"19":32,"20":0,"21":32},"f":{"0":1,"1":2,"2":1,"3":0,"4":0,"5":3,"6":32},"b":{"0":[2,1,1,1],"1":[0,0],"2":[0,3],"3":[2,30],"4":[32,2],"5":[1,1],"6":[1,0],"7":[0,32],"8":[32,0],"9":[0,32]},"meta":{"lastBranch":10,"lastFunction":7,"lastStatement":22,"seen":{"s:2:37:2:Infinity":0,"f:9:9:9:22":0,"s:10:2:10:Infinity":1,"f:13:9:13:29":1,"s:14:2:14:Infinity":2,"b:14:9:14:31:14:31:14:48:14:48:14:65:14:65:14:Infinity":0,"f:17:9:17:29":2,"s:18:2:18:Infinity":3,"f:21:9:21:31":3,"s:22:16:22:Infinity":4,"s:23:2:23:Infinity":5,"b:23:9:23:23:23:23:23:Infinity":1,"f:26:16:26:33":4,"s:27:2:27:Infinity":6,"f:30:16:30:36":5,"b:31:2:33:Infinity:undefined:undefined:undefined:undefined":2,"s:31:2:33:Infinity":7,"s:32:4:32:Infinity":8,"s:35:2:35:Infinity":9,"f:38:16:38:Infinity":6,"s:43:13:43:Infinity":10,"b:45:2:51:Infinity:undefined:undefined:undefined:undefined":3,"s:45:2:51:Infinity":11,"b:45:6:45:31:45:31:45:56":4,"b:46:4:50:Infinity:48:11:50:Infinity":5,"s:46:4:50:Infinity":12,"s:47:6:47:Infinity":13,"b:48:11:50:Infinity:undefined:undefined:undefined:undefined":6,"s:48:11:50:Infinity":14,"s:49:6:49:Infinity":15,"b:53:2:55:Infinity:undefined:undefined:undefined:undefined":7,"s:53:2:55:Infinity":16,"b:53:6:53:23:53:23:53:48":8,"s:54:4:54:Infinity":17,"s:57:15:57:Infinity":18,"b:59:2:61:Infinity:undefined:undefined:undefined:undefined":9,"s:59:2:61:Infinity":19,"s:60:4:60:Infinity":20,"s:63:2:63:Infinity":21},"fnNames":{}}}
,"/workspace/frontend/src/features/calculator/styles/Calculator.module.css": {"path":"/workspace/frontend/src/features/calculator/styles/Calculator.module.css","statementMap":{},"fnMap":{},"branchMap":{},"s":{},"f":{},"b":{},"meta":{"lastBranch":0,"lastFunction":0,"lastStatement":0,"seen":{},"fnNames":{}}}
}
